Build started 11/3/2016 10:30:10 AM.
     1>Project "c:\Users\bravo8101\documents\visual studio 2010\Projects\2 File Display Program\2 File Display Program\2 File Display Program.vcxproj" on node 2 (build target(s)).
     1>InitializeBuildStatus:
         Touching "Debug\2 File Display Program.unsuccessfulbuild".
       ClCompile:
         c:\Program Files\Microsoft Visual Studio 10.0\VC\bin\CL.exe /c /ZI /nologo /W3 /WX- /Od /Oy- /D WIN32 /D _DEBUG /D _CONSOLE /D _UNICODE /D UNICODE /Gm /EHsc /RTC1 /MDd /GS /fp:precise /Zc:wchar_t /Zc:forScope /Fo"Debug\\" /Fd"Debug\vc100.pdb" /Gd /TP /analyze- /errorReport:prompt "File Display Program.cpp"
         File Display Program.cpp
       ManifestResourceCompile:
         C:\Program Files\Microsoft SDKs\Windows\v7.0A\bin\rc.exe /nologo /fo"Debug\2 File Display Program.exe.embed.manifest.res" "Debug\2 File Display Program_manifest.rc" 
       Link:
         c:\Program Files\Microsoft Visual Studio 10.0\VC\bin\link.exe /ERRORREPORT:PROMPT /OUT:"c:\users\bravo8101\documents\visual studio 2010\Projects\2 File Display Program\Debug\2 File Display Program.exe" /INCREMENTAL /NOLOGO kernel32.lib user32.lib gdi32.lib winspool.lib comdlg32.lib advapi32.lib shell32.lib ole32.lib oleaut32.lib uuid.lib odbc32.lib odbccp32.lib /MANIFEST /ManifestFile:"Debug\2 File Display Program.exe.intermediate.manifest" /MANIFESTUAC:"level='asInvoker' uiAccess='false'" /DEBUG /PDB:"c:\users\bravo8101\documents\visual studio 2010\Projects\2 File Display Program\Debug\2 File Display Program.pdb" /SUBSYSTEM:CONSOLE /TLBID:1 /DYNAMICBASE /NXCOMPAT /IMPLIB:"c:\users\bravo8101\documents\visual studio 2010\Projects\2 File Display Program\Debug\2 File Display Program.lib" /MACHINE:X86 "Debug\2 File Display Program.exe.embed.manifest.res"
         "Debug\File Display Program.obj"
       Manifest:
         C:\Program Files\Microsoft SDKs\Windows\v7.0A\bin\mt.exe /nologo /verbose /out:"Debug\2 File Display Program.exe.embed.manifest" /manifest "Debug\2 File Display Program.exe.intermediate.manifest"
         C:\Program Files\Microsoft SDKs\Windows\v7.0A\bin\rc.exe /nologo /fo"Debug\2 File Display Program.exe.embed.manifest.res" "Debug\2 File Display Program_manifest.rc" 
       LinkEmbedManifest:
         c:\Program Files\Microsoft Visual Studio 10.0\VC\bin\link.exe /ERRORREPORT:PROMPT /OUT:"c:\users\bravo8101\documents\visual studio 2010\Projects\2 File Display Program\Debug\2 File Display Program.exe" /INCREMENTAL /NOLOGO kernel32.lib user32.lib gdi32.lib winspool.lib comdlg32.lib advapi32.lib shell32.lib ole32.lib oleaut32.lib uuid.lib odbc32.lib odbccp32.lib /MANIFEST /ManifestFile:"Debug\2 File Display Program.exe.intermediate.manifest" /MANIFESTUAC:"level='asInvoker' uiAccess='false'" /DEBUG /PDB:"c:\users\bravo8101\documents\visual studio 2010\Projects\2 File Display Program\Debug\2 File Display Program.pdb" /SUBSYSTEM:CONSOLE /TLBID:1 /DYNAMICBASE /NXCOMPAT /IMPLIB:"c:\users\bravo8101\documents\visual studio 2010\Projects\2 File Display Program\Debug\2 File Display Program.lib" /MACHINE:X86 "Debug\2 File Display Program.exe.embed.manifest.res"
         "Debug\File Display Program.obj"
         2 File Display Program.vcxproj -> c:\users\bravo8101\documents\visual studio 2010\Projects\2 File Display Program\Debug\2 File Display Program.exe
       FinalizeBuildStatus:
         Deleting file "Debug\2 File Display Program.unsuccessfulbuild".
         Touching "Debug\2 File Display Program.lastbuildstate".
     1>Done Building Project "c:\Users\bravo8101\documents\visual studio 2010\Projects\2 File Display Program\2 File Display Program\2 File Display Program.vcxproj" (build target(s)).

Build succeeded.

Time Elapsed 00:00:01.33
