Build started 9/29/2016 11:00:51 AM.
     1>Project "c:\Users\bravo8101\documents\visual studio 2010\Projects\3 Winning Division\3 Winning Division\3 Winning Division.vcxproj" on node 2 (build target(s)).
     1>InitializeBuildStatus:
         Creating "Debug\3 Winning Division.unsuccessfulbuild" because "AlwaysCreate" was specified.
       ClCompile:
         c:\Program Files\Microsoft Visual Studio 10.0\VC\bin\CL.exe /c /ZI /nologo /W3 /WX- /Od /Oy- /D WIN32 /D _DEBUG /D _CONSOLE /D _UNICODE /D UNICODE /Gm /EHsc /RTC1 /MDd /GS /fp:precise /Zc:wchar_t /Zc:forScope /Fo"Debug\\" /Fd"Debug\vc100.pdb" /Gd /TP /analyze- /errorReport:prompt "Winning Division.cpp"
         Winning Division.cpp
     1>c:\users\bravo8101\documents\visual studio 2010\projects\3 winning division\3 winning division\winning division.cpp(8): warning C4101: 'highest' : unreferenced local variable
     1>c:\users\bravo8101\documents\visual studio 2010\projects\3 winning division\3 winning division\winning division.cpp(28): warning C4715: 'getSales' : not all control paths return a value
       ManifestResourceCompile:
         All outputs are up-to-date.
       Link:
         c:\Program Files\Microsoft Visual Studio 10.0\VC\bin\link.exe /ERRORREPORT:PROMPT /OUT:"c:\users\bravo8101\documents\visual studio 2010\Projects\3 Winning Division\Debug\3 Winning Division.exe" /INCREMENTAL /NOLOGO kernel32.lib user32.lib gdi32.lib winspool.lib comdlg32.lib advapi32.lib shell32.lib ole32.lib oleaut32.lib uuid.lib odbc32.lib odbccp32.lib /MANIFEST /ManifestFile:"Debug\3 Winning Division.exe.intermediate.manifest" /MANIFESTUAC:"level='asInvoker' uiAccess='false'" /DEBUG /PDB:"c:\users\bravo8101\documents\visual studio 2010\Projects\3 Winning Division\Debug\3 Winning Division.pdb" /SUBSYSTEM:CONSOLE /TLBID:1 /DYNAMICBASE /NXCOMPAT /IMPLIB:"c:\users\bravo8101\documents\visual studio 2010\Projects\3 Winning Division\Debug\3 Winning Division.lib" /MACHINE:X86 "Debug\3 Winning Division.exe.embed.manifest.res"
         "Debug\Winning Division.obj"
       Manifest:
         C:\Program Files\Microsoft SDKs\Windows\v7.0A\bin\mt.exe /nologo /verbose /out:"Debug\3 Winning Division.exe.embed.manifest" /manifest "Debug\3 Winning Division.exe.intermediate.manifest"
         All outputs are up-to-date.
       LinkEmbedManifest:
         All outputs are up-to-date.
         3 Winning Division.vcxproj -> c:\users\bravo8101\documents\visual studio 2010\Projects\3 Winning Division\Debug\3 Winning Division.exe
       FinalizeBuildStatus:
         Deleting file "Debug\3 Winning Division.unsuccessfulbuild".
         Touching "Debug\3 Winning Division.lastbuildstate".
     1>Done Building Project "c:\Users\bravo8101\documents\visual studio 2010\Projects\3 Winning Division\3 Winning Division\3 Winning Division.vcxproj" (build target(s)).

Build succeeded.

Time Elapsed 00:00:00.63
