Build started 10/13/2016 10:11:26 AM.
     1>Project "c:\Users\bravo8101\documents\visual studio 2010\Projects\1 Movie Data\1 Movie Data\1 Movie Data.vcxproj" on node 2 (build target(s)).
     1>InitializeBuildStatus:
         Creating "Debug\1 Movie Data.unsuccessfulbuild" because "AlwaysCreate" was specified.
       ClCompile:
         c:\Program Files\Microsoft Visual Studio 10.0\VC\bin\CL.exe /c /ZI /nologo /W3 /WX- /Od /Oy- /D WIN32 /D _DEBUG /D _CONSOLE /D _UNICODE /D UNICODE /Gm /EHsc /RTC1 /MDd /GS /fp:precise /Zc:wchar_t /Zc:forScope /Fo"Debug\\" /Fd"Debug\vc100.pdb" /Gd /TP /analyze- /errorReport:prompt "Movie Data.cpp"
         Movie Data.cpp
       ManifestResourceCompile:
         All outputs are up-to-date.
       Link:
         c:\Program Files\Microsoft Visual Studio 10.0\VC\bin\link.exe /ERRORREPORT:PROMPT /OUT:"c:\users\bravo8101\documents\visual studio 2010\Projects\1 Movie Data\Debug\1 Movie Data.exe" /INCREMENTAL /NOLOGO kernel32.lib user32.lib gdi32.lib winspool.lib comdlg32.lib advapi32.lib shell32.lib ole32.lib oleaut32.lib uuid.lib odbc32.lib odbccp32.lib /MANIFEST /ManifestFile:"Debug\1 Movie Data.exe.intermediate.manifest" /MANIFESTUAC:"level='asInvoker' uiAccess='false'" /DEBUG /PDB:"c:\users\bravo8101\documents\visual studio 2010\Projects\1 Movie Data\Debug\1 Movie Data.pdb" /SUBSYSTEM:CONSOLE /TLBID:1 /DYNAMICBASE /NXCOMPAT /IMPLIB:"c:\users\bravo8101\documents\visual studio 2010\Projects\1 Movie Data\Debug\1 Movie Data.lib" /MACHINE:X86 "Debug\1 Movie Data.exe.embed.manifest.res"
         "Debug\Movie Data.obj"
       Manifest:
         C:\Program Files\Microsoft SDKs\Windows\v7.0A\bin\mt.exe /nologo /verbose /out:"Debug\1 Movie Data.exe.embed.manifest" /manifest "Debug\1 Movie Data.exe.intermediate.manifest"
         All outputs are up-to-date.
       LinkEmbedManifest:
         All outputs are up-to-date.
         1 Movie Data.vcxproj -> c:\users\bravo8101\documents\visual studio 2010\Projects\1 Movie Data\Debug\1 Movie Data.exe
       FinalizeBuildStatus:
         Deleting file "Debug\1 Movie Data.unsuccessfulbuild".
         Touching "Debug\1 Movie Data.lastbuildstate".
     1>Done Building Project "c:\Users\bravo8101\documents\visual studio 2010\Projects\1 Movie Data\1 Movie Data\1 Movie Data.vcxproj" (build target(s)).

Build succeeded.

Time Elapsed 00:00:00.52
