Build started 10/27/2016 12:14:01 PM.
     1>Project "c:\Users\bravo8101\documents\visual studio 2010\Projects\Recursion\Recursion\Recursion.vcxproj" on node 2 (build target(s)).
     1>InitializeBuildStatus:
         Creating "Debug\Recursion.unsuccessfulbuild" because "AlwaysCreate" was specified.
       ClCompile:
         c:\Program Files\Microsoft Visual Studio 10.0\VC\bin\CL.exe /c /ZI /nologo /W3 /WX- /Od /Oy- /D WIN32 /D _DEBUG /D _CONSOLE /D _UNICODE /D UNICODE /Gm /EHsc /RTC1 /MDd /GS /fp:precise /Zc:wchar_t /Zc:forScope /Fo"Debug\\" /Fd"Debug\vc100.pdb" /Gd /TP /analyze- /errorReport:prompt recursion.cpp
         recursion.cpp
     1>c:\users\bravo8101\documents\visual studio 2010\projects\recursion\recursion\recursion.cpp(9): warning C4101: 'max' : unreferenced local variable
       ManifestResourceCompile:
         All outputs are up-to-date.
       Link:
         c:\Program Files\Microsoft Visual Studio 10.0\VC\bin\link.exe /ERRORREPORT:PROMPT /OUT:"c:\users\bravo8101\documents\visual studio 2010\Projects\Recursion\Debug\Recursion.exe" /INCREMENTAL /NOLOGO kernel32.lib user32.lib gdi32.lib winspool.lib comdlg32.lib advapi32.lib shell32.lib ole32.lib oleaut32.lib uuid.lib odbc32.lib odbccp32.lib /MANIFEST /ManifestFile:"Debug\Recursion.exe.intermediate.manifest" /MANIFESTUAC:"level='asInvoker' uiAccess='false'" /DEBUG /PDB:"c:\users\bravo8101\documents\visual studio 2010\Projects\Recursion\Debug\Recursion.pdb" /SUBSYSTEM:CONSOLE /TLBID:1 /DYNAMICBASE /NXCOMPAT /IMPLIB:"c:\users\bravo8101\documents\visual studio 2010\Projects\Recursion\Debug\Recursion.lib" /MACHINE:X86 Debug\Recursion.exe.embed.manifest.res
         Debug\recursion.obj
       Manifest:
         C:\Program Files\Microsoft SDKs\Windows\v7.0A\bin\mt.exe /nologo /verbose /out:"Debug\Recursion.exe.embed.manifest" /manifest Debug\Recursion.exe.intermediate.manifest
         All outputs are up-to-date.
       LinkEmbedManifest:
         All outputs are up-to-date.
         Recursion.vcxproj -> c:\users\bravo8101\documents\visual studio 2010\Projects\Recursion\Debug\Recursion.exe
       FinalizeBuildStatus:
         Deleting file "Debug\Recursion.unsuccessfulbuild".
         Touching "Debug\Recursion.lastbuildstate".
     1>Done Building Project "c:\Users\bravo8101\documents\visual studio 2010\Projects\Recursion\Recursion\Recursion.vcxproj" (build target(s)).

Build succeeded.

Time Elapsed 00:00:00.74
