C:\USERS\BRAVO8101\DOCUMENTS\VISUAL STUDIO 2010\PROJECTS\7 CELSIUS TEMPERATURE TABLE\7 CELSIUS TEMPERATURE TABLE\DEBUG\7 CELSIUS TEMPERATURE TABLE.EXE.EMBED.MANIFEST
C:\USERS\BRAVO8101\DOCUMENTS\VISUAL STUDIO 2010\PROJECTS\7 CELSIUS TEMPERATURE TABLE\7 CELSIUS TEMPERATURE TABLE\DEBUG\7 CELSIUS TEMPERATURE TABLE.EXE.EMBED.MANIFEST.RES
C:\USERS\BRAVO8101\DOCUMENTS\VISUAL STUDIO 2010\PROJECTS\7 CELSIUS TEMPERATURE TABLE\7 CELSIUS TEMPERATURE TABLE\DEBUG\7 CELSIUS TEMPERATURE TABLE.EXE.INTERMEDIATE.MANIFEST
c:\Users\bravo8101\documents\visual studio 2010\Projects\7 Celsius Temperature Table\7 Celsius Temperature Table\Debug\7 Celsius Temperature Table.write.1.tlog
c:\Users\bravo8101\documents\visual studio 2010\Projects\7 Celsius Temperature Table\7 Celsius Temperature Table\Debug\7 Celsius Temperature Table_manifest.rc
C:\USERS\BRAVO8101\DOCUMENTS\VISUAL STUDIO 2010\PROJECTS\7 CELSIUS TEMPERATURE TABLE\7 CELSIUS TEMPERATURE TABLE\DEBUG\CELSIUS TEMPERATURE TABLE.OBJ
c:\Users\bravo8101\documents\visual studio 2010\Projects\7 Celsius Temperature Table\7 Celsius Temperature Table\Debug\cl.command.1.tlog
c:\Users\bravo8101\documents\visual studio 2010\Projects\7 Celsius Temperature Table\7 Celsius Temperature Table\Debug\CL.read.1.tlog
c:\Users\bravo8101\documents\visual studio 2010\Projects\7 Celsius Temperature Table\7 Celsius Temperature Table\Debug\CL.write.1.tlog
c:\Users\bravo8101\documents\visual studio 2010\Projects\7 Celsius Temperature Table\7 Celsius Temperature Table\Debug\link.5268.read.1.tlog
c:\Users\bravo8101\documents\visual studio 2010\Projects\7 Celsius Temperature Table\7 Celsius Temperature Table\Debug\link.5268.write.1.tlog
c:\Users\bravo8101\documents\visual studio 2010\Projects\7 Celsius Temperature Table\7 Celsius Temperature Table\Debug\link.5268-cvtres.read.1.tlog
c:\Users\bravo8101\documents\visual studio 2010\Projects\7 Celsius Temperature Table\7 Celsius Temperature Table\Debug\link.5268-cvtres.write.1.tlog
c:\Users\bravo8101\documents\visual studio 2010\Projects\7 Celsius Temperature Table\7 Celsius Temperature Table\Debug\link.6556.read.1.tlog
c:\Users\bravo8101\documents\visual studio 2010\Projects\7 Celsius Temperature Table\7 Celsius Temperature Table\Debug\link.6556.write.1.tlog
c:\Users\bravo8101\documents\visual studio 2010\Projects\7 Celsius Temperature Table\7 Celsius Temperature Table\Debug\link.6556-cvtres.read.1.tlog
c:\Users\bravo8101\documents\visual studio 2010\Projects\7 Celsius Temperature Table\7 Celsius Temperature Table\Debug\link.6556-cvtres.write.1.tlog
c:\Users\bravo8101\documents\visual studio 2010\Projects\7 Celsius Temperature Table\7 Celsius Temperature Table\Debug\link.command.1.tlog
c:\Users\bravo8101\documents\visual studio 2010\Projects\7 Celsius Temperature Table\7 Celsius Temperature Table\Debug\link.read.1.tlog
c:\Users\bravo8101\documents\visual studio 2010\Projects\7 Celsius Temperature Table\7 Celsius Temperature Table\Debug\link.write.1.tlog
c:\Users\bravo8101\documents\visual studio 2010\Projects\7 Celsius Temperature Table\7 Celsius Temperature Table\Debug\link-cvtres.read.1.tlog
c:\Users\bravo8101\documents\visual studio 2010\Projects\7 Celsius Temperature Table\7 Celsius Temperature Table\Debug\link-cvtres.write.1.tlog
c:\Users\bravo8101\documents\visual studio 2010\Projects\7 Celsius Temperature Table\7 Celsius Temperature Table\Debug\mt.command.1.tlog
c:\Users\bravo8101\documents\visual studio 2010\Projects\7 Celsius Temperature Table\7 Celsius Temperature Table\Debug\mt.read.1.tlog
c:\Users\bravo8101\documents\visual studio 2010\Projects\7 Celsius Temperature Table\7 Celsius Temperature Table\Debug\mt.write.1.tlog
c:\Users\bravo8101\documents\visual studio 2010\Projects\7 Celsius Temperature Table\7 Celsius Temperature Table\Debug\rc.command.1.tlog
c:\Users\bravo8101\documents\visual studio 2010\Projects\7 Celsius Temperature Table\7 Celsius Temperature Table\Debug\rc.read.1.tlog
c:\Users\bravo8101\documents\visual studio 2010\Projects\7 Celsius Temperature Table\7 Celsius Temperature Table\Debug\rc.write.1.tlog
c:\Users\bravo8101\documents\visual studio 2010\Projects\7 Celsius Temperature Table\7 Celsius Temperature Table\Debug\vc100.idb
C:\USERS\BRAVO8101\DOCUMENTS\VISUAL STUDIO 2010\PROJECTS\7 CELSIUS TEMPERATURE TABLE\7 CELSIUS TEMPERATURE TABLE\DEBUG\VC100.PDB
C:\USERS\BRAVO8101\DOCUMENTS\VISUAL STUDIO 2010\PROJECTS\7 CELSIUS TEMPERATURE TABLE\DEBUG\7 CELSIUS TEMPERATURE TABLE.EXE
C:\USERS\BRAVO8101\DOCUMENTS\VISUAL STUDIO 2010\PROJECTS\7 CELSIUS TEMPERATURE TABLE\DEBUG\7 CELSIUS TEMPERATURE TABLE.ILK
C:\USERS\BRAVO8101\DOCUMENTS\VISUAL STUDIO 2010\PROJECTS\7 CELSIUS TEMPERATURE TABLE\DEBUG\7 CELSIUS TEMPERATURE TABLE.PDB
