Build started 9/13/2016 12:36:39 PM.
     1>Project "C:\Users\Bravo8101\Documents\Visual Studio 2010\Projects\1 Miles per Gallon\1 Miles per Gallon\1 Miles per Gallon.vcxproj" on node 2 (build target(s)).
     1>InitializeBuildStatus:
         Creating "Debug\1 Miles per Gallon.unsuccessfulbuild" because "AlwaysCreate" was specified.
       ClCompile:
         c:\Program Files\Microsoft Visual Studio 10.0\VC\bin\CL.exe /c /ZI /nologo /W3 /WX- /Od /Oy- /D WIN32 /D _DEBUG /D _CONSOLE /D _UNICODE /D UNICODE /Gm /EHsc /RTC1 /MDd /GS /fp:precise /Zc:wchar_t /Zc:forScope /Fo"Debug\\" /Fd"Debug\vc100.pdb" /Gd /TP /analyze- /errorReport:prompt "Miles per Gallon.cpp"
         Miles per Gallon.cpp
       ManifestResourceCompile:
         All outputs are up-to-date.
       Link:
         c:\Program Files\Microsoft Visual Studio 10.0\VC\bin\link.exe /ERRORREPORT:PROMPT /OUT:"C:\Users\Bravo8101\Documents\Visual Studio 2010\Projects\1 Miles per Gallon\Debug\1 Miles per Gallon.exe" /INCREMENTAL /NOLOGO kernel32.lib user32.lib gdi32.lib winspool.lib comdlg32.lib advapi32.lib shell32.lib ole32.lib oleaut32.lib uuid.lib odbc32.lib odbccp32.lib /MANIFEST /ManifestFile:"Debug\1 Miles per Gallon.exe.intermediate.manifest" /MANIFESTUAC:"level='asInvoker' uiAccess='false'" /DEBUG /PDB:"C:\Users\Bravo8101\Documents\Visual Studio 2010\Projects\1 Miles per Gallon\Debug\1 Miles per Gallon.pdb" /SUBSYSTEM:CONSOLE /TLBID:1 /DYNAMICBASE /NXCOMPAT /IMPLIB:"C:\Users\Bravo8101\Documents\Visual Studio 2010\Projects\1 Miles per Gallon\Debug\1 Miles per Gallon.lib" /MACHINE:X86 "Debug\1 Miles per Gallon.exe.embed.manifest.res"
         "Debug\Miles per Gallon.obj"
       Manifest:
         C:\Program Files\Microsoft SDKs\Windows\v7.0A\bin\mt.exe /nologo /verbose /out:"Debug\1 Miles per Gallon.exe.embed.manifest" /manifest "Debug\1 Miles per Gallon.exe.intermediate.manifest"
         All outputs are up-to-date.
       LinkEmbedManifest:
         All outputs are up-to-date.
         1 Miles per Gallon.vcxproj -> C:\Users\Bravo8101\Documents\Visual Studio 2010\Projects\1 Miles per Gallon\Debug\1 Miles per Gallon.exe
       FinalizeBuildStatus:
         Deleting file "Debug\1 Miles per Gallon.unsuccessfulbuild".
         Touching "Debug\1 Miles per Gallon.lastbuildstate".
     1>Done Building Project "C:\Users\Bravo8101\Documents\Visual Studio 2010\Projects\1 Miles per Gallon\1 Miles per Gallon\1 Miles per Gallon.vcxproj" (build target(s)).

Build succeeded.

Time Elapsed 00:00:00.79
