Build started 9/29/2016 11:31:32 AM.
     1>Project "c:\Users\bravo8101\documents\visual studio 2010\Projects\14 Order Status\14 Order Status\14 Order Status.vcxproj" on node 2 (build target(s)).
     1>InitializeBuildStatus:
         Creating "Debug\14 Order Status.unsuccessfulbuild" because "AlwaysCreate" was specified.
       ClCompile:
         c:\Program Files\Microsoft Visual Studio 10.0\VC\bin\CL.exe /c /ZI /nologo /W3 /WX- /Od /Oy- /D WIN32 /D _DEBUG /D _CONSOLE /D _UNICODE /D UNICODE /Gm /EHsc /RTC1 /MDd /GS /fp:precise /Zc:wchar_t /Zc:forScope /Fo"Debug\\" /Fd"Debug\vc100.pdb" /Gd /TP /analyze- /errorReport:prompt "Order Status.cpp"
         Order Status.cpp
       ManifestResourceCompile:
         All outputs are up-to-date.
       Link:
         c:\Program Files\Microsoft Visual Studio 10.0\VC\bin\link.exe /ERRORREPORT:PROMPT /OUT:"c:\users\bravo8101\documents\visual studio 2010\Projects\14 Order Status\Debug\14 Order Status.exe" /INCREMENTAL /NOLOGO kernel32.lib user32.lib gdi32.lib winspool.lib comdlg32.lib advapi32.lib shell32.lib ole32.lib oleaut32.lib uuid.lib odbc32.lib odbccp32.lib /MANIFEST /ManifestFile:"Debug\14 Order Status.exe.intermediate.manifest" /MANIFESTUAC:"level='asInvoker' uiAccess='false'" /DEBUG /PDB:"c:\users\bravo8101\documents\visual studio 2010\Projects\14 Order Status\Debug\14 Order Status.pdb" /SUBSYSTEM:CONSOLE /TLBID:1 /DYNAMICBASE /NXCOMPAT /IMPLIB:"c:\users\bravo8101\documents\visual studio 2010\Projects\14 Order Status\Debug\14 Order Status.lib" /MACHINE:X86 "Debug\14 Order Status.exe.embed.manifest.res"
         "Debug\Order Status.obj"
       Manifest:
         C:\Program Files\Microsoft SDKs\Windows\v7.0A\bin\mt.exe /nologo /verbose /out:"Debug\14 Order Status.exe.embed.manifest" /manifest "Debug\14 Order Status.exe.intermediate.manifest"
         All outputs are up-to-date.
       LinkEmbedManifest:
         All outputs are up-to-date.
         14 Order Status.vcxproj -> c:\users\bravo8101\documents\visual studio 2010\Projects\14 Order Status\Debug\14 Order Status.exe
       FinalizeBuildStatus:
         Deleting file "Debug\14 Order Status.unsuccessfulbuild".
         Touching "Debug\14 Order Status.lastbuildstate".
     1>Done Building Project "c:\Users\bravo8101\documents\visual studio 2010\Projects\14 Order Status\14 Order Status\14 Order Status.vcxproj" (build target(s)).

Build succeeded.

Time Elapsed 00:00:00.58
