Build started 9/13/2016 1:05:14 PM.
     1>Project "C:\Users\Bravo8101\Documents\Visual Studio 2010\Projects\2 Stadium Seating\2 Stadium Seating\2 Stadium Seating.vcxproj" on node 2 (build target(s)).
     1>InitializeBuildStatus:
         Creating "Debug\2 Stadium Seating.unsuccessfulbuild" because "AlwaysCreate" was specified.
       ClCompile:
         c:\Program Files\Microsoft Visual Studio 10.0\VC\bin\CL.exe /c /ZI /nologo /W3 /WX- /Od /Oy- /D WIN32 /D _DEBUG /D _CONSOLE /D _UNICODE /D UNICODE /Gm /EHsc /RTC1 /MDd /GS /fp:precise /Zc:wchar_t /Zc:forScope /Fo"Debug\\" /Fd"Debug\vc100.pdb" /Gd /TP /analyze- /errorReport:prompt "Stadium Seating.cpp"
         Stadium Seating.cpp
       ManifestResourceCompile:
         All outputs are up-to-date.
       Link:
         c:\Program Files\Microsoft Visual Studio 10.0\VC\bin\link.exe /ERRORREPORT:PROMPT /OUT:"C:\Users\Bravo8101\Documents\Visual Studio 2010\Projects\2 Stadium Seating\Debug\2 Stadium Seating.exe" /INCREMENTAL /NOLOGO kernel32.lib user32.lib gdi32.lib winspool.lib comdlg32.lib advapi32.lib shell32.lib ole32.lib oleaut32.lib uuid.lib odbc32.lib odbccp32.lib /MANIFEST /ManifestFile:"Debug\2 Stadium Seating.exe.intermediate.manifest" /MANIFESTUAC:"level='asInvoker' uiAccess='false'" /DEBUG /PDB:"C:\Users\Bravo8101\Documents\Visual Studio 2010\Projects\2 Stadium Seating\Debug\2 Stadium Seating.pdb" /SUBSYSTEM:CONSOLE /TLBID:1 /DYNAMICBASE /NXCOMPAT /IMPLIB:"C:\Users\Bravo8101\Documents\Visual Studio 2010\Projects\2 Stadium Seating\Debug\2 Stadium Seating.lib" /MACHINE:X86 "Debug\2 Stadium Seating.exe.embed.manifest.res"
         "Debug\Stadium Seating.obj"
       Manifest:
         C:\Program Files\Microsoft SDKs\Windows\v7.0A\bin\mt.exe /nologo /verbose /out:"Debug\2 Stadium Seating.exe.embed.manifest" /manifest "Debug\2 Stadium Seating.exe.intermediate.manifest"
         All outputs are up-to-date.
       LinkEmbedManifest:
         All outputs are up-to-date.
         2 Stadium Seating.vcxproj -> C:\Users\Bravo8101\Documents\Visual Studio 2010\Projects\2 Stadium Seating\Debug\2 Stadium Seating.exe
       FinalizeBuildStatus:
         Deleting file "Debug\2 Stadium Seating.unsuccessfulbuild".
         Touching "Debug\2 Stadium Seating.lastbuildstate".
     1>Done Building Project "C:\Users\Bravo8101\Documents\Visual Studio 2010\Projects\2 Stadium Seating\2 Stadium Seating\2 Stadium Seating.vcxproj" (build target(s)).

Build succeeded.

Time Elapsed 00:00:00.69
