Build started 9/29/2016 12:16:19 PM.
     1>Project "c:\Users\bravo8101\documents\visual studio 2010\Projects\3 Lottery Winners Modification\3 Lottery Winners Modification\3 Lottery Winners Modification.vcxproj" on node 2 (build target(s)).
     1>PrepareForBuild:
         Creating directory "c:\users\bravo8101\documents\visual studio 2010\Projects\3 Lottery Winners Modification\Debug\".
       InitializeBuildStatus:
         Creating "Debug\3 Lottery Winners Modification.unsuccessfulbuild" because "AlwaysCreate" was specified.
       ClCompile:
         c:\Program Files\Microsoft Visual Studio 10.0\VC\bin\CL.exe /c /ZI /nologo /W3 /WX- /Od /Oy- /D WIN32 /D _DEBUG /D _CONSOLE /D _UNICODE /D UNICODE /Gm /EHsc /RTC1 /MDd /GS /fp:precise /Zc:wchar_t /Zc:forScope /Fo"Debug\\" /Fd"Debug\vc100.pdb" /Gd /TP /analyze- /errorReport:prompt "Lottery Winners Modification.cpp"
         Lottery Winners Modification.cpp
       ManifestResourceCompile:
         C:\Program Files\Microsoft SDKs\Windows\v7.0A\bin\rc.exe /nologo /fo"Debug\3 Lottery Winners Modification.exe.embed.manifest.res" "Debug\3 Lottery Winners Modification_manifest.rc" 
       Link:
         c:\Program Files\Microsoft Visual Studio 10.0\VC\bin\link.exe /ERRORREPORT:PROMPT /OUT:"c:\users\bravo8101\documents\visual studio 2010\Projects\3 Lottery Winners Modification\Debug\3 Lottery Winners Modification.exe" /INCREMENTAL /NOLOGO kernel32.lib user32.lib gdi32.lib winspool.lib comdlg32.lib advapi32.lib shell32.lib ole32.lib oleaut32.lib uuid.lib odbc32.lib odbccp32.lib /MANIFEST /ManifestFile:"Debug\3 Lottery Winners Modification.exe.intermediate.manifest" /MANIFESTUAC:"level='asInvoker' uiAccess='false'" /DEBUG /PDB:"c:\users\bravo8101\documents\visual studio 2010\Projects\3 Lottery Winners Modification\Debug\3 Lottery Winners Modification.pdb" /SUBSYSTEM:CONSOLE /TLBID:1 /DYNAMICBASE /NXCOMPAT /IMPLIB:"c:\users\bravo8101\documents\visual studio 2010\Projects\3 Lottery Winners Modification\Debug\3 Lottery Winners Modification.lib" /MACHINE:X86 "Debug\3 Lottery Winners Modification.exe.embed.manifest.res"
         "Debug\Lottery Winners Modification.obj"
       Manifest:
         C:\Program Files\Microsoft SDKs\Windows\v7.0A\bin\mt.exe /nologo /verbose /out:"Debug\3 Lottery Winners Modification.exe.embed.manifest" /manifest "Debug\3 Lottery Winners Modification.exe.intermediate.manifest"
         C:\Program Files\Microsoft SDKs\Windows\v7.0A\bin\rc.exe /nologo /fo"Debug\3 Lottery Winners Modification.exe.embed.manifest.res" "Debug\3 Lottery Winners Modification_manifest.rc" 
       LinkEmbedManifest:
         c:\Program Files\Microsoft Visual Studio 10.0\VC\bin\link.exe /ERRORREPORT:PROMPT /OUT:"c:\users\bravo8101\documents\visual studio 2010\Projects\3 Lottery Winners Modification\Debug\3 Lottery Winners Modification.exe" /INCREMENTAL /NOLOGO kernel32.lib user32.lib gdi32.lib winspool.lib comdlg32.lib advapi32.lib shell32.lib ole32.lib oleaut32.lib uuid.lib odbc32.lib odbccp32.lib /MANIFEST /ManifestFile:"Debug\3 Lottery Winners Modification.exe.intermediate.manifest" /MANIFESTUAC:"level='asInvoker' uiAccess='false'" /DEBUG /PDB:"c:\users\bravo8101\documents\visual studio 2010\Projects\3 Lottery Winners Modification\Debug\3 Lottery Winners Modification.pdb" /SUBSYSTEM:CONSOLE /TLBID:1 /DYNAMICBASE /NXCOMPAT /IMPLIB:"c:\users\bravo8101\documents\visual studio 2010\Projects\3 Lottery Winners Modification\Debug\3 Lottery Winners Modification.lib" /MACHINE:X86 "Debug\3 Lottery Winners Modification.exe.embed.manifest.res"
         "Debug\Lottery Winners Modification.obj"
         3 Lottery Winners Modification.vcxproj -> c:\users\bravo8101\documents\visual studio 2010\Projects\3 Lottery Winners Modification\Debug\3 Lottery Winners Modification.exe
       FinalizeBuildStatus:
         Deleting file "Debug\3 Lottery Winners Modification.unsuccessfulbuild".
         Touching "Debug\3 Lottery Winners Modification.lastbuildstate".
     1>Done Building Project "c:\Users\bravo8101\documents\visual studio 2010\Projects\3 Lottery Winners Modification\3 Lottery Winners Modification\3 Lottery Winners Modification.vcxproj" (build target(s)).

Build succeeded.

Time Elapsed 00:00:01.33
